2021-06-13 11:16:22.742  INFO 14152 --- [main] com.yjk.BlogApplication                  : Starting BlogApplication using Java 1.8.0_102 on LAPTOP-NKENFQJC with PID 14152 (D:\springboot\yjkBlog\target\classes started by 12143 in D:\springboot\yjkBlog)
2021-06-13 11:16:22.751 DEBUG 14152 --- [main] com.yjk.BlogApplication                  : Running with Spring Boot v2.5.1, Spring v5.3.8
2021-06-13 11:16:22.751  INFO 14152 --- [main] com.yjk.BlogApplication                  : The following profiles are active: pro
2021-06-13 11:16:24.031  INFO 14152 --- [main] .s.d.r.c.RepositoryConfigurationDelegate : Bootstrapping Spring Data JPA repositories in DEFAULT mode.
2021-06-13 11:16:24.071  INFO 14152 --- [main] .s.d.r.c.RepositoryConfigurationDelegate : Finished Spring Data repository scanning in 18 ms. Found 0 JPA repository interfaces.
2021-06-13 11:16:25.284  INFO 14152 --- [main] o.s.b.w.embedded.tomcat.TomcatWebServer  : Tomcat initialized with port(s): 8081 (http)
2021-06-13 11:16:25.311  INFO 14152 --- [main] o.apache.catalina.core.StandardService   : Starting service [Tomcat]
2021-06-13 11:16:25.311  INFO 14152 --- [main] org.apache.catalina.core.StandardEngine  : Starting Servlet engine: [Apache Tomcat/9.0.46]
2021-06-13 11:16:25.321  INFO 14152 --- [main] o.a.catalina.core.AprLifecycleListener   : Loaded Apache Tomcat Native library [1.2.24] using APR version [1.7.0].
2021-06-13 11:16:25.321  INFO 14152 --- [main] o.a.catalina.core.AprLifecycleListener   : APR capabilities: IPv6 [true], sendfile [true], accept filters [false], random [true].
2021-06-13 11:16:25.321  INFO 14152 --- [main] o.a.catalina.core.AprLifecycleListener   : APR/OpenSSL configuration: useAprConnector [false], useOpenSSL [true]
2021-06-13 11:16:25.321  INFO 14152 --- [main] o.a.catalina.core.AprLifecycleListener   : OpenSSL successfully initialized [OpenSSL 1.1.1g  21 Apr 2020]
2021-06-13 11:16:25.601  INFO 14152 --- [main] o.a.c.c.C.[Tomcat].[localhost].[/]       : Initializing Spring embedded WebApplicationContext
2021-06-13 11:16:25.601  INFO 14152 --- [main] w.s.c.ServletWebServerApplicationContext : Root WebApplicationContext: initialization completed in 2780 ms
2021-06-13 11:16:25.741  INFO 14152 --- [main] com.zaxxer.hikari.HikariDataSource       : HikariPool-1 - Starting...
2021-06-13 11:16:27.151  INFO 14152 --- [main] com.zaxxer.hikari.HikariDataSource       : HikariPool-1 - Start completed.
2021-06-13 11:16:27.461  INFO 14152 --- [main] o.hibernate.jpa.internal.util.LogHelper  : HHH000204: Processing PersistenceUnitInfo [name: default]
2021-06-13 11:16:27.551  INFO 14152 --- [main] org.hibernate.Version                    : HHH000412: Hibernate ORM core version 5.4.32.Final
2021-06-13 11:16:27.771  INFO 14152 --- [main] o.hibernate.annotations.common.Version   : HCANN000001: Hibernate Commons Annotations {5.1.2.Final}
2021-06-13 11:16:28.041  INFO 14152 --- [main] org.hibernate.dialect.Dialect            : HHH000400: Using dialect: org.hibernate.dialect.MySQL5Dialect
2021-06-13 11:16:28.411  INFO 14152 --- [main] o.h.e.t.j.p.i.JtaPlatformInitiator       : HHH000490: Using JtaPlatform implementation: [org.hibernate.engine.transaction.jta.platform.internal.NoJtaPlatform]
2021-06-13 11:16:28.441  INFO 14152 --- [main] j.LocalContainerEntityManagerFactoryBean : Initialized JPA EntityManagerFactory for persistence unit 'default'
2021-06-13 11:16:28.531  WARN 14152 --- [main] JpaBaseConfiguration$JpaWebConfiguration : spring.jpa.open-in-view is enabled by default. Therefore, database queries may be performed during view rendering. Explicitly configure spring.jpa.open-in-view to disable this warning
2021-06-13 11:16:29.011  WARN 14152 --- [main] ion$DefaultTemplateResolverConfiguration : Cannot find template location: classpath:/templates/ (please add some templates or check your Thymeleaf configuration)
2021-06-13 11:16:29.251  INFO 14152 --- [main] o.s.b.w.embedded.tomcat.TomcatWebServer  : Tomcat started on port(s): 8081 (http) with context path ''
2021-06-13 11:16:29.271  INFO 14152 --- [main] com.yjk.BlogApplication                  : Started BlogApplication in 7.643 seconds (JVM running for 10.1)
2021-06-13 14:47:32.770  INFO 6824 --- [main] com.yjk.BlogApplication                  : Starting BlogApplication using Java 1.8.0_102 on LAPTOP-NKENFQJC with PID 6824 (D:\springboot\yjkBlog\target\classes started by 12143 in D:\springboot\yjkBlog)
2021-06-13 14:47:32.770 DEBUG 6824 --- [main] com.yjk.BlogApplication                  : Running with Spring Boot v2.5.1, Spring v5.3.8
2021-06-13 14:47:32.770  INFO 6824 --- [main] com.yjk.BlogApplication                  : The following profiles are active: pro
2021-06-13 14:47:36.821  WARN 6824 --- [main] JpaBaseConfiguration$JpaWebConfiguration : spring.jpa.open-in-view is enabled by default. Therefore, database queries may be performed during view rendering. Explicitly configure spring.jpa.open-in-view to disable this warning
2021-06-13 14:47:37.223  WARN 6824 --- [main] ion$DefaultTemplateResolverConfiguration : Cannot find template location: classpath:/templates/ (please add some templates or check your Thymeleaf configuration)
2021-06-13 14:47:37.454  INFO 6824 --- [main] com.yjk.BlogApplication                  : Started BlogApplication in 5.647 seconds (JVM running for 7.148)
